<?xml version="1.0" encoding="utf-8"?><testsuites name="pytest tests"><testsuite name="pytest" errors="0" failures="0" skipped="1" tests="2340" time="4312.335" timestamp="2026-09-12T12:57:53.763235+07:00" hostname="HTD"><testcase classname="tests.ai.test_ai_app_structure" name="test_app_help_exposes_structure_search_tool_only_for_app_help" time="0.004" /><testcase classname="tests.ai.test_ai_app_structure" name="test_app_structure_search_discovers_routes_from_application_files" time="0.034" /><testcase classname="tests.ai.test_ai_app_structure" name="test_app_structure_search_prefers_list_route_for_create_questions" time="0.003" /><testcase classname="tests.ai.test_ai_app_structure" name="test_app_structure_search_includes_plan_modal_procurement_control" time="0.004" /><testcase classname="tests.ai.test_ai_app_structure" name="test_app_structure_search_filters_admin_routes_for_non_admin_users" time="0.003" /><testcase classname="tests.ai.test_ai_core" name="test_ai_disabled_by_default" time="0.003" /><testcase classname="tests.ai.test_ai_core" name="test_ai_config_reads_model_from_one_backend_setting" time="0.001" /><testcase classname="tests.ai.test_ai_core" name="test_tool_schemas_are_strict_and_read_only" time="0.001" /><testcase classname="tests.ai.test_ai_core" name="test_contract_status_tools_preserve_workspace_defined_labels" time="0.001" /><testcase classname="tests.ai.test_ai_core" name="test_tool_arguments_reject_unknown_scope_fields" time="0.003" /><testcase classname="tests.ai.test_ai_core" name="test_semantic_registry_is_static" time="0.002" /><testcase classname="tests.ai.test_ai_core" name="test_redaction_removes_secrets_and_keeps_bounded_shape" time="0.001" /><testcase classname="tests.ai.test_ai_core" name="test_redaction_covers_embedded_secrets_in_free_text_and_nested_payloads" time="0.001" /><testcase classname="tests.ai.test_ai_core" name="test_redaction_removes_common_inline_credentials[Cookie: session_id=very-secret-cookie]" time="0.001" /><testcase classname="tests.ai.test_ai_core" name="test_redaction_removes_common_inline_credentials[api_key=sk_test_12345678901234567890]" time="0.001" /><testcase classname="tests.ai.test_ai_core" name="test_redaction_removes_common_inline_credentials[access_token: abcdefghijklmnopqrstuvwxyz]" time="0.001" /><testcase classname="tests.ai.test_ai_core" name="test_redaction_removes_common_inline_credentials[https://name:password123@example.test/path]" time="0.001" /><testcase classname="tests.ai.test_ai_core" name="test_redaction_removes_common_inline_credentials[github_pat_1234567890abcdefghijklmnop]" time="0.001" /><testcase classname="tests.ai.test_ai_core" name="test_fake_provider_streams_without_network" time="0.004" /><testcase classname="tests.ai.test_ai_core" name="test_provider_event_stream_completes_and_forwards_events" time="0.021" /><testcase classname="tests.ai.test_ai_core" name="test_provider_worker_limit_fails_without_spawning_another_thread" time="0.001" /><testcase classname="tests.ai.test_ai_core" name="test_provider_event_stream_forwards_provider_exception" time="0.017" /><testcase classname="tests.ai.test_ai_core" name="test_provider_event_stream_cancellation_stops_worker_and_calls_abort" time="0.015" /><testcase classname="tests.ai.test_ai_core" name="test_repeated_provider_disconnects_do_not_accumulate_workers" time="0.274" /><testcase classname="tests.ai.test_ai_core" name="test_ai_route_disconnect_closes_stream_and_releases_active_metric" time="0.257" /><testcase classname="tests.ai.test_ai_core" name="test_ai_route_serializes_pre_stream_ai_errors_as_sse" time="0.004" /><testcase classname="tests.ai.test_ai_core" name="test_fake_provider_uses_workspace_search_for_unmodeled_business_entities" time="0.001" /><testcase classname="tests.ai.test_ai_core" name="test_fake_provider_uses_schema_tool_for_schema_questions" time="0.001" /><testcase classname="tests.ai.test_ai_core" name="test_fake_provider_uses_structured_query_for_explicit_workspace_fields" time="0.001" /><testcase classname="tests.ai.test_ai_core" name="test_fake_provider_answers_tool_result_without_filter_metadata" time="0.001" /><testcase classname="tests.ai.test_ai_core" name="test_sse_parser_handles_typed_events" time="0.002" /><testcase classname="tests.ai.test_ai_core" name="test_aggregate_without_group_returns_summary_without_group_key_lookup" time="0.005" /><testcase classname="tests.ai.test_ai_core" name="test_ai_list_and_aggregate_share_latest_only_semantics[packages-goithau-goi_thau]" time="0.001" /><testcase classname="tests.ai.test_ai_core" name="test_ai_list_and_aggregate_share_latest_only_semantics[plans-kehoach-ke_hoach_lcnt]" time="0.001" /><testcase classname="tests.ai.test_ai_core" name="test_ai_list_and_aggregate_share_latest_only_semantics[contracts-hopdong-hop_dong]" time="0.001" /><testcase classname="tests.ai.test_ai_core" name="test_aggregate_normalizes_every_supported_status[packages-goithau-Ch\u01b0a x\xe1c \u0111\u1ecbnh-UNKNOWN]" time="0.001" /><testcase classname="tests.ai.test_ai_core" name="test_aggregate_normalizes_every_supported_status[packages-goithau-Chu\u1ea9n b\u1ecb-PREPARING]" time="0.001" /><testcase classname="tests.ai.test_ai_core" name="test_aggregate_normalizes_every_supported_status[packages-goithau-\u0110ang m\u1eddi th\u1ea7u-INVITED]" time="0.001" /><testcase classname="tests.ai.test_ai_core" name="test_aggregate_normalizes_every_supported_status[packages-goithau-\u0110\xe3 m\u1edf th\u1ea7u-OPENED]" time="0.001" /><testcase classname="tests.ai.test_ai_core" name="test_aggregate_normalizes_every_supported_status[packages-goithau-\u0110ang ch\u1ea5m th\u1ea7u-EVALUATING]" time="0.001" /><testcase classname="tests.ai.test_ai_core" name="test_aggregate_normalizes_every_supported_status[packages-goithau-\u0110\xe3 c\xf3 k\u1ebft qu\u1ea3 m\u1ed9t ph\u1ea7n-PARTIALLY_AWARDED]" time="0.001" /><testcase classname="tests.ai.test_ai_core" name="test_aggregate_normalizes_every_supported_status[packages-goithau-\u0110\xe3 c\xf3 k\u1ebft qu\u1ea3-AWARDED]" time="0.001" /><testcase classname="tests.ai.test_ai_core" name="test_aggregate_normalizes_every_supported_status[packages-goithau-H\u1ee7y th\u1ea7u-CANCELLED]" time="0.001" /><testcase classname="tests.ai.test_ai_core" name="test_aggregate_normalizes_every_supported_status[packages-goithau-ch\u01b0a x\xe1c \u0111\u1ecbnh-UNKNOWN]" time="0.001" /><testcase classname="tests.ai.test_ai_core" name="test_aggregate_normalizes_every_supported_status[packages-goithau-chu\u1ea9n b\u1ecb-PREPARING]" time="0.001" /><testcase classname="tests.ai.test_ai_core" name="test_aggregate_normalizes_every_supported_status[packages-goithau-\u0111ang m\u1eddi th\u1ea7u-INVITED]" time="0.001" /><testcase classname="tests.ai.test_ai_core" name="test_aggregate_normalizes_every_supported_status[packages-goithau-\u0111\xe3 m\u1edf th\u1ea7u-OPENED]" time="0.001" /><testcase classname="tests.ai.test_ai_core" name="test_aggregate_normalizes_every_supported_status[packages-goithau-\u0111ang ch\u1ea5m th\u1ea7u-EVALUATING]" time="0.001" /><testcase classname="tests.ai.test_ai_core" name="test_aggregate_normalizes_every_supported_status[packages-goithau-\u0111\xe3 c\xf3 k\u1ebft qu\u1ea3 m\u1ed9t ph\u1ea7n-PARTIALLY_AWARDED]" time="0.001" /><testcase classname="tests.ai.test_ai_core" name="test_aggregate_normalizes_every_supported_status[packages-goithau-\u0111\xe3 c\xf3 k\u1ebft qu\u1ea3-AWARDED]" time="0.001" /><testcase classname="tests.ai.test_ai_core" name="test_aggregate_normalizes_every_supported_status[packages-goithau-h\u1ee7y th\u1ea7u-CANCELLED]" time="0.001" /><testcase classname="tests.ai.test_ai_core" name="test_aggregate_normalizes_every_supported_status[packages-goithau-unknown-UNKNOWN]" time="0.001" /><testcase classname="tests.ai.test_ai_core" name="test_aggregate_normalizes_every_supported_status[packages-goithau-preparing-PREPARING]" time="0.001" /><testcase classname="tests.ai.test_ai_core" name="test_aggregate_normalizes_every_supported_status[packages-goithau-invited-INVITED]" time="0.001" /><testcase classname="tests.ai.test_ai_core" name="test_aggregate_normalizes_every_supported_status[packages-goithau-opened-OPENED]" time="0.001" /><testcase classname="tests.ai.test_ai_core" name="test_aggregate_normalizes_every_supported_status[packages-goithau-evaluating-EVALUATING]" time="0.001" /><testcase classname="tests.ai.test_ai_core" name="test_aggregate_normalizes_every_supported_status[packages-goithau-partially_awarded-PARTIALLY_AWARDED]" time="0.001" /><testcase classname="tests.ai.test_ai_core" name="test_aggregate_normalizes_every_supported_status[packages-goithau-awarded-AWARDED]" time="0.001" /><testcase classname="tests.ai.test_ai_core" name="test_aggregate_normalizes_every_supported_status[packages-goithau-cancelled-CANCELLED]" time="0.001" /><testcase classname="tests.ai.test_ai_core" name="test_aggregate_normalizes_every_supported_status[contracts-hopdong-Ch\u01b0a hi\u1ec7u l\u1ef1c-Ch\u01b0a hi\u1ec7u l\u1ef1c]" time="0.001" /><testcase classname="tests.ai.test_ai_core" name="test_aggregate_normalizes_every_supported_status[contracts-hopdong-\u0110ang th\u1ef1c hi\u1ec7n-\u0110ang th\u1ef1c hi\u1ec7n]" time="0.001" /><testcase classname="tests.ai.test_ai_core" name="test_aggregate_normalizes_every_supported_status[contracts-hopdong-T\u1ea1m d\u1eebng-T\u1ea1m d\u1eebng]" time="0.001" /><testcase classname="tests.ai.test_ai_core" name="test_aggregate_normalizes_every_supported_status[contracts-hopdong-\u0110\xe3 ho\xe0n th\xe0nh-\u0110\xe3 ho\xe0n th\xe0nh]" time="0.001" /><testcase classname="tests.ai.test_ai_core" name="test_aggregate_normalizes_every_supported_status[contracts-hopdong-\u0110\xe3 thanh l\xfd-\u0110\xe3 thanh l\xfd]" time="0.001" /><testcase classname="tests.ai.test_ai_core" name="test_aggregate_normalizes_every_supported_status[contracts-hopdong-\u0110\xe3 h\u1ee7y-\u0110\xe3 h\u1ee7y]" time="0.001" /><testcase classname="tests.ai.test_ai_core" name="test_aggregate_normalizes_every_supported_status[contracts-hopdong-ch\u01b0a hi\u1ec7u l\u1ef1c-ch\u01b0a hi\u1ec7u l\u1ef1c]" time="0.001" /><testcase classname="tests.ai.test_ai_core" name="test_aggregate_normalizes_every_supported_status[contracts-hopdong-\u0111ang th\u1ef1c hi\u1ec7n-\u0111ang th\u1ef1c hi\u1ec7n]" time="0.001" /><testcase classname="tests.ai.test_ai_core" name="test_aggregate_normalizes_every_supported_status[contracts-hopdong-t\u1ea1m d\u1eebng-t\u1ea1m d\u1eebng]" time="0.001" /><testcase classname="tests.ai.test_ai_core" name="test_aggregate_normalizes_every_supported_status[contracts-hopdong-\u0111\xe3 ho\xe0n th\xe0nh-\u0111\xe3 ho\xe0n th\xe0nh]" time="0.001" /><testcase classname="tests.ai.test_ai_core" name="test_aggregate_normalizes_every_supported_status[contracts-hopdong-\u0111\xe3 thanh l\xfd-\u0111\xe3 thanh l\xfd]" time="0.001" /><testcase classname="tests.ai.test_ai_core" name="test_aggregate_normalizes_every_supported_status[contracts-hopdong-\u0111\xe3 h\u1ee7y-\u0111\xe3 h\u1ee7y]" time="0.001" /><testcase classname="tests.ai.test_ai_core" name="test_aggregate_normalizes_every_supported_status[contracts-hopdong-Ch\u1edd nghi\u1ec7m thu n\u1ed9i b\u1ed9-Ch\u1edd nghi\u1ec7m thu n\u1ed9i b\u1ed9]" time="0.001" /><testcase classname="tests.ai.test_ai_core" name="test_aggregate_normalizes_every_supported_status[plans-kehoach-k\u1ebf ho\u1ea1ch-K\u1ebf ho\u1ea1ch]" time="0.001" /><testcase classname="tests.ai.test_ai_core" name="test_aggregate_normalizes_every_supported_status[plans-kehoach-D\u1ef0 TO\xc1N V\xc0 K\u1ebe HO\u1ea0CH-D\u1ef1 to\xe1n v\xe0 k\u1ebf ho\u1ea1ch]" time="0.001" /><testcase classname="tests.ai.test_ai_core" name="test_aggregate_normalizes_every_supported_status[packages-goithau-huy thau-CANCELLED]" time="0.001" /><testcase classname="tests.ai.test_ai_core" name="test_ai_metrics_expose_required_duration_series" time="0.002" /><testcase classname="tests.ai.test_ai_core" name="test_dashboard_tool_validates_year_before_querying" time="0.001" /><testcase classname="tests.ai.test_ai_core" name="test_evaluation_dataset_has_one_hundred_cases" time="0.001" /><testcase classname="tests.ai.test_ai_feedback" name="test_delete_feedback_route_removes_current_users_feedback" time="0.002" /><testcase classname="tests.ai.test_ai_feedback" name="test_feedback_route_accepts_post_and_delete" time="0.001" /><testcase classname="tests.ai.test_ai_knowledge" name="test_generic_app_guide_route_is_not_returned_as_a_clickable_source" time="0.003" /><testcase classname="tests.ai.test_ai_knowledge" name="test_app_help_retrieval_returns_only_validated_global_and_workspace_sources" time="0.002" /><testcase classname="tests.ai.test_ai_knowledge" name="test_procurement_retrieval_marks_expired_source_and_never_invents_citation" time="0.001" /><testcase classname="tests.ai.test_ai_knowledge" name="test_data_mode_does_not_load_document_knowledge" time="0.001" /><testcase classname="tests.ai.test_ai_knowledge" name="test_prepare_document_extracts_versioned_markdown_chunks" time="0.025" /><testcase classname="tests.ai.test_ai_knowledge" name="test_ingest_approved_document_activates_one_version_and_persists_chunks" time="0.014" /><testcase classname="tests.ai.test_ai_knowledge" name="test_ingestion_rejects_duplicate_content_hash" time="0.015" /><testcase classname="tests.ai.test_ai_knowledge" name="test_schema_v40_adds_versioned_knowledge_registry_and_indexes" time="0.001" /><testcase classname="tests.ai.test_ai_knowledge" name="test_knowledge_configuration_is_bounded" time="0.001" /><testcase classname="tests.ai.test_ai_knowledge" name="test_stream_message_adds_validated_knowledge_context_and_sources" time="0.004" /><testcase classname="tests.ai.test_ai_knowledge" name="test_procurement_advice_prioritizes_rag_then_adds_allowlisted_web_sources" time="0.018" /><testcase classname="tests.ai.test_ai_message_idempotency" name="test_add_message_reuses_one_user_message_for_the_same_client_request" time="0.003" /><testcase classname="tests.ai.test_ai_message_idempotency" name="test_ai_message_idempotency_is_part_of_fresh_and_upgrade_schemas" time="0.001" /><testcase classname="tests.ai.test_ai_permission_context" name="test_manager_context_can_read_shared_reference_modules" time="0.002" /><testcase classname="tests.ai.test_ai_permission_context" name="test_manager_role_from_org_a_cannot_expand_employee_scope_in_org_b" time="0.004" /><testcase classname="tests.ai.test_ai_permission_context" name="test_manager_membership_with_employee_persona_is_assignment_scoped" time="0.001" /><testcase classname="tests.ai.test_ai_permission_context" name="test_effective_ai_role_is_rederived_from_current_membership[employee-org-a-org-b-manager-manager]" time="0.001" /><testcase classname="tests.ai.test_ai_permission_context" name="test_effective_ai_role_is_rederived_from_current_membership[manager-org-a-org-b-manager-manager]" time="0.001" /><testcase classname="tests.ai.test_ai_permission_context" name="test_effective_ai_role_is_rederived_from_current_membership[manager-org-a-org-a-employee-employee]" time="0.001" /><testcase classname="tests.ai.test_ai_permission_context" name="test_effective_ai_role_is_rederived_from_current_membership[manager-org-b-org-b-employee-employee]" time="0.001" /><testcase classname="tests.ai.test_ai_permission_context" name="test_effective_ai_role_is_rederived_from_current_membership[employee-org-b-org-b-manager-employee]" time="0.001" /><testcase classname="tests.ai.test_ai_permission_context" name="test_ai_context_rejects_workspace_without_current_membership" time="0.001" /><testcase classname="tests.ai.test_ai_providers" name="test_config_supports_generic_and_vendor_specific_credentials" time="0.001" /><testcase classname="tests.ai.test_ai_providers" name="test_config_normalizes_hyphenated_provider_alias" time="0.001" /><testcase classname="tests.ai.test_ai_providers" name="test_openai_environment_names_remain_backwards_compatible" time="0.001" /><testcase classname="tests.ai.test_ai_providers" name="test_enabled_hosted_provider_rejects_plain_http_base_url" time="0.002" /><testcase classname="tests.ai.test_ai_providers" name="test_enabled_hosted_provider_rejects_host_outside_allowlist" time="0.001" /><testcase classname="tests.ai.test_ai_providers" name="test_enabled_custom_gateway_accepts_explicit_exact_host" time="0.001" /><testcase classname="tests.ai.test_ai_providers" name="test_enabled_hosted_provider_rejects_userinfo_even_on_allowlisted_host" time="0.001" /><testcase classname="tests.ai.test_ai_providers" name="test_enabled_hosted_provider_rejects_non_default_https_port" time="0.001" /><testcase classname="tests.ai.test_ai_providers" name="test_enabled_ollama_rejects_non_loopback_endpoint" time="0.001" /><testcase classname="tests.ai.test_ai_providers" name="test_enabled_azure_accepts_canonical_resource_host" time="0.001" /><testcase classname="tests.ai.test_ai_providers" name="test_enabled_azure_requires_endpoint_at_startup" time="0.001" /><testcase classname="tests.ai.test_ai_providers" name="test_startup_rejects_unsafe_ai_provider_configuration" time="0.010" /><testcase classname="tests.ai.test_ai_providers" name="test_enabled_provider_rejects_proxy_without_proxy_allowlist" time="0.001" /><testcase classname="tests.ai.test_ai_providers" name="test_transport_uses_only_explicit_proxy_policy" time="0.001" /><testcase classname="tests.ai.test_ai_providers" name="test_transport_rejects_proxy_host_before_network" time="0.001" /><testcase classname="tests.ai.test_ai_providers" name="test_registry_resolves_protocol_aliases[openai-OpenAIResponsesAdapter]" time="0.001" /><testcase classname="tests.ai.test_ai_providers" name="test_registry_resolves_protocol_aliases[openai-compatible-OpenAIChatAdapter]" time="0.001" /><testcase classname="tests.ai.test_ai_providers" name="test_registry_resolves_protocol_aliases[claude-AnthropicAdapter]" time="0.001" /><testcase classname="tests.ai.test_ai_providers" name="test_registry_resolves_protocol_aliases[google-GeminiInteractionsAdapter]" time="0.001" /><testcase classname="tests.ai.test_ai_providers" name="test_registry_resolves_protocol_aliases[google-generate-content-GeminiGenerateContentAdapter]" time="0.001" /><testcase classname="tests.ai.test_ai_providers" name="test_registry_resolves_protocol_aliases[ollama-OllamaAdapter]" time="0.001" /><testcase classname="tests.ai.test_ai_providers" name="test_registry_resolves_protocol_aliases[azure-AzureOpenAIResponsesAdapter]" time="0.001" /><testcase classname="tests.ai.test_ai_providers" name="test_registry_rejects_unknown_provider" time="0.001" /><testcase classname="tests.ai.test_ai_providers" name="test_chat_stream_normalizes_text_tool_calls_and_usage" time="0.003" /><testcase classname="tests.ai.test_ai_providers" name="test_anthropic_stream_normalizes_blocks_and_cumulative_usage" time="0.003" /><testcase classname="tests.ai.test_ai_providers" name="test_gemini_interactions_stream_normalizes_argument_deltas" time="0.007" /><testcase classname="tests.ai.test_ai_providers" name="test_gemini_generate_content_preserves_thought_signature" time="0.002" /><testcase classname="tests.ai.test_ai_providers" name="test_ollama_stream_normalizes_ndjson_tool_call_and_usage" time="0.002" /><testcase classname="tests.ai.test_ai_providers" name="test_continuation_history_is_converted_for_each_protocol" time="0.001" /><testcase classname="tests.ai.test_ai_providers" name="test_provider_request_shapes_and_azure_auth" time="0.002" /><testcase classname="tests.ai.test_ai_providers" name="test_stream_parsers_fail_closed_on_malformed_payloads" time="0.001" /><testcase classname="tests.ai.test_ai_providers" name="test_http_429_maps_to_public_rate_limit_error" time="0.001" /><testcase classname="tests.ai.test_ai_providers" name="test_transport_timeout_maps_to_public_timeout_error" time="0.001" /><testcase classname="tests.ai.test_ai_providers" name="test_transport_rejects_request_host_before_network" time="0.001" /><testcase classname="tests.ai.test_ai_providers" name="test_provider_adapter_applies_configured_host_policy" time="0.002" /><testcase classname="tests.ai.test_ai_providers" name="test_provider_adapter_passes_approved_proxy_to_transport" time="0.001" /><testcase classname="tests.ai.test_ai_providers" name="test_every_hosted_provider_adapter_applies_host_policy[openai_chat]" time="0.001" /><testcase classname="tests.ai.test_ai_providers" name="test_every_hosted_provider_adapter_applies_host_policy[anthropic]" time="0.001" /><testcase classname="tests.ai.test_ai_providers" name="test_every_hosted_provider_adapter_applies_host_policy[gemini_interactions]" time="0.001" /><testcase classname="tests.ai.test_ai_providers" name="test_every_hosted_provider_adapter_applies_host_policy[gemini_generate_content]" time="0.001" /><testcase classname="tests.ai.test_ai_providers" name="test_every_hosted_provider_adapter_applies_host_policy[azure_openai]" time="0.001" /><testcase classname="tests.ai.test_ai_providers" name="test_every_hosted_provider_adapter_applies_host_policy[azure_openai_chat]" time="0.001" /><testcase classname="tests.ai.test_ai_providers" name="test_ollama_adapter_rechecks_loopback_policy_at_request_time" time="0.001" /><testcase classname="tests.ai.test_ai_providers" name="test_transport_blocks_redirect_before_reaching_redirected_host" time="0.565" /><testcase classname="tests.ai.test_ai_providers" name="test_transport_ignores_ambient_proxy_environment" time="0.001" /><testcase classname="tests.ai.test_ai_web_search" name="test_official_url_allowlist_rejects_unsafe_and_lookalike_hosts" time="0.004" /><testcase classname="tests.ai.test_ai_web_search" name="test_legal_search_normalizes_only_allowlisted_sources_and_does_not_send_workspace_data" time="0.003" /><testcase classname="tests.ai.test_ai_web_search" name="test_legal_search_returns_no_source_when_provider_has_no_allowlisted_citation" time="0.001" /><testcase classname="tests.ai.test_ai_web_search" name="test_web_search_configuration_is_bounded" time="0.001" /><testcase classname="tests.ai.test_ai_web_search" name="test_enabled_web_search_rejects_provider_host_outside_allowlist" time="0.001" /><testcase classname="tests.ai.test_ai_web_search" name="test_enabled_web_search_rejects_proxy_without_proxy_allowlist" time="0.001" /><testcase classname="tests.ai.test_ai_web_search" name="test_legal_search_rechecks_provider_host_before_network" time="0.001" /><testcase classname="tests.ai.test_ai_web_search" name="test_legal_search_rechecks_proxy_host_before_network" time="0.001" /><testcase classname="tests.ai.test_ai_web_search" name="test_legal_search_uses_redirect_blocking_transport" time="0.001" /><testcase classname="tests.ai.test_ai_workspace_schema" name="test_schema_describes_business_columns_and_foreign_key_relationships" time="0.008" /><testcase classname="tests.ai.test_ai_workspace_schema" name="test_schema_only_exposes_tables_with_current_module_permission" time="0.001" /><testcase classname="tests.ai.test_ai_workspace_schema" name="test_schema_tool_is_data_only_and_has_strict_arguments" time="0.001" /><testcase classname="tests.ai.test_ai_workspace_schema" name="test_query_workspace_selects_allowlisted_columns_and_keeps_organization_scope" time="0.001" /><testcase classname="tests.ai.test_ai_workspace_schema" name="test_query_workspace_normalizes_every_supported_business_status[packages-\u0111\xe3 c\xf3 k\u1ebft qu\u1ea3-AWARDED]" time="0.001" /><testcase classname="tests.ai.test_ai_workspace_schema" name="test_query_workspace_normalizes_every_supported_business_status[contracts-\u0110ang x\u1eed l\xfd h\u1ed3 s\u01a1-\u0110ang x\u1eed l\xfd h\u1ed3 s\u01a1]" time="0.001" /><testcase classname="tests.ai.test_ai_workspace_schema" name="test_query_workspace_normalizes_every_supported_business_status[plans-d\u1ef1 to\xe1n v\xe0 k\u1ebf ho\u1ea1ch-D\u1ef1 to\xe1n v\xe0 k\u1ebf ho\u1ea1ch]" time="0.001" /><testcase classname="tests.ai.test_ai_workspace_schema" name="test_query_workspace_rejects_fields_outside_schema" time="0.001" /><testcase classname="tests.ai.test_ai_workspace_schema" name="test_query_workspace_is_registered_with_bounded_arguments" time="0.001" /><testcase classname="tests.ai.test_ai_workspace_search" name="test_workspace_search_counts_experts_in_current_workspace" time="0.001" /><testcase classname="tests.ai.test_ai_workspace_search" name="test_workspace_search_normalizes_every_supported_business_status[packages-\u0111ang m\u1eddi th\u1ea7u-INVITED]" time="0.001" /><testcase classname="tests.ai.test_ai_workspace_search" name="test_workspace_search_normalizes_every_supported_business_status[contracts-Ch\u1edd nghi\u1ec7m thu n\u1ed9i b\u1ed9-Ch\u1edd nghi\u1ec7m thu n\u1ed9i b\u1ed9]" time="0.001" /><testcase classname="tests.ai.test_ai_workspace_search" name="test_workspace_search_normalizes_every_supported_business_status[plans-k\u1ebf ho\u1ea1ch-K\u1ebf ho\u1ea1ch]" time="0.001" /><testcase classname="tests.ai.test_ai_workspace_search" name="test_workspace_search_treats_provider_wildcards_as_empty_filters" time="0.001" /><testcase classname="tests.ai.test_ai_workspace_search" name="test_workspace_search_lists_safe_expert_fields_and_source_link" time="0.001" /><testcase classname="tests.ai.test_ai_workspace_search" name="test_workspace_search_requires_module_permission" time="0.001" /><testcase classname="tests.ai.test_ai_workspace_search" name="test_workspace_search_scopes_manager_membership_in_employee_persona" time="0.001" /><testcase classname="tests.ai.test_ai_workspace_search" name="test_opening_search_inherits_the_canonical_package_permission" time="0.001" /><testcase classname="tests.ai.test_ai_workspace_search" name="test_workspace_search_is_the_only_generic_data_tool" time="0.001" /><testcase classname="tests.ai.test_redaction_boundaries" name="test_audit_redaction_preserves_dates_and_amounts[Ng\xe0y 2026-09-12]" time="0.001" /><testcase classname="tests.ai.test_redaction_boundaries" name="test_audit_redaction_preserves_dates_and_amounts[Gi\xe1 1.000.000.000 VND]" time="0.001" /><testcase classname="tests.ai.test_redaction_boundaries" name="test_audit_redaction_preserves_dates_and_amounts[Gi\xe1 123456789 VND]" time="0.001" /><testcase classname="tests.ai.test_redaction_boundaries" name="test_long_text_never_exposes_partial_secret_at_cutoff" time="0.001" /><testcase classname="tests.ai.test_redaction_boundaries" name="test_recognized_phone_is_removed[0912345678]" time="0.001" /><testcase classname="tests.ai.test_redaction_boundaries" name="test_recognized_phone_is_removed[+84 912 345 678]" time="0.001" /><testcase classname="tests.ai.test_redaction_boundaries" name="test_recognized_phone_is_removed[+1 202 555 0198]" time="0.001" /><testcase classname="tests.ai.test_redaction_boundaries" name="test_tool_audit_sanitizes_arguments_without_losing_forensic_metadata" time="0.001" /><testcase classname="tests.test_access_policy_structure" name="test_chunked_keeps_configurable_size_and_default_batch_size" time="0.007" /><testcase classname="tests.test_access_policy_structure" name="test_access_policy_has_no_shadowed_top_level_definitions" time="0.011" /><testcase classname="tests.test_access_policy_structure" name="test_access_policy_keeps_the_legacy_public_import_seam" time="0.001" /><testcase classname="tests.test_account_deactivation" name="test_account_status_uses_a_forward_only_v48_migration" time="0.001" /><testcase classname="tests.test_account_deactivation" name="test_inactive_account_invalidates_even_an_unrevoked_session_snapshot" time="0.002" /><testcase classname="tests.test_account_deactivation" name="test_runtime_account_deactivation_contains_no_root_account_delete" time="0.004" /><testcase classname="tests.test_account_deletion_retention" name="test_account_deactivation_runbook_preserves_history_and_blocks_physical_erasure" time="0.001" /><testcase classname="tests.test_account_deletion_retention" name="test_personal_workspace_mutation_lock_serializes_account_retention_check" time="0.657" /><testcase classname="tests.test_account_deletion_retention" name="test_personal_sync_rechecks_account_after_waiting_for_deletion_lock" time="0.722" /><testcase classname="tests.test_account_deletion_retention" name="test_account_deactivation_preserves_personal_tombstones_and_account_history[True]" time="0.937" /><testcase classname="tests.test_account_deletion_retention" name="test_account_deactivation_preserves_personal_tombstones_and_account_history[False]" time="0.815" /><testcase classname="tests.test_active_org_ambiguity" name="test_missing_active_org_is_rejected_for_multiple_memberships[GET]" time="0.001" /><testcase classname="tests.test_active_org_ambiguity" name="test_missing_active_org_is_rejected_for_multiple_memberships[POST]" time="0.001" /><testcase classname="tests.test_active_org_ambiguity" name="test_missing_active_org_is_rejected_for_multiple_memberships[PUT]" time="0.001" /><testcase classname="tests.test_active_org_ambiguity" name="test_missing_active_org_is_rejected_for_multiple_memberships[PATCH]" time="0.001" /><testcase classname="tests.test_active_org_ambiguity" name="test_missing_active_org_is_rejected_for_multiple_memberships[DELETE]" time="0.001" /><testcase classname="tests.test_active_org_ambiguity" name="test_single_membership_still_falls_back_without_header" time="0.001" /><testcase classname="tests.test_active_org_ambiguity" name="test_inactive_organization_does_not_silently_fall_back_to_personal_scope" time="0.002" /><testcase classname="tests.test_active_org_ambiguity" name="test_scope_error_exposes_stable_http_contract" time="0.000" /><testcase classname="tests.test_active_org_ambiguity" name="test_explicit_scope_is_revalidated_after_membership_revocation" time="0.001" /><testcase classname="tests.test_active_org_ambiguity" name="test_explicit_scope_rejects_inactive_organization_or_invalid_role[suspended-manager]" time="0.001" /><testcase classname="tests.test_active_org_ambiguity" name="test_explicit_scope_rejects_inactive_organization_or_invalid_role[active-unknown]" time="0.001" /><testcase classname="tests.test_activity_routes" name="test_retired_procurement_case_activity_target_is_rejected_before_database_access" time="0.004" /><testcase classname="tests.test_admin_operational" name="test_admin_operational_http_projection_is_label_free_and_exact" time="0.010" /><testcase classname="tests.test_admin_operational" name="test_admin_sync_projection_uses_only_code_owned_route_and_status_counters" time="0.001" /><testcase classname="tests.test_admin_operational" name="test_operational_endpoints_deny_non_super_admin_before_reading_data[admin_health_api]" time="0.006" /><testcase classname="tests.test_admin_operational" name="test_operational_endpoints_deny_non_super_admin_before_reading_data[admin_environment_api]" time="0.002" /><testcase classname="tests.test_admin_operational" name="test_operational_endpoints_deny_non_super_admin_before_reading_data[admin_system_version_api]" time="0.003" /><testcase classname="tests.test_admin_operational" name="test_environment_payload_exposes_only_allowlisted_values_and_secret_presence" time="0.003" /><testcase classname="tests.test_admin_operational" name="test_environment_normalizes_untrusted_public_labels" time="0.001" /><testcase classname="tests.test_admin_operational" name="test_health_reports_real_application_and_database_state" time="0.002" /><testcase classname="tests.test_admin_operational" name="test_operational_projection_includes_bounded_worker_sync_and_job_health" time="0.001" /><testcase classname="tests.test_admin_operational" name="test_health_is_degraded_without_leaking_database_failure" time="0.002" /><testcase classname="tests.test_admin_operational" name="test_system_version_uses_sanitized_release_and_installed_schema" time="0.002" /><testcase classname="tests.test_admin_operational" name="test_release_id_rejects_arbitrary_or_path_values" time="0.001" /><testcase classname="tests.test_admin_operational" name="test_build_metadata_is_allowlisted_and_normalized" time="0.001" /><testcase classname="tests.test_admin_operational" name="test_environment_update_validation_rejects_unknown_and_malformed_values" time="0.001" /><testcase classname="tests.test_admin_operational" name="test_local_environment_update_is_atomic_and_allowlisted" time="0.010" /><testcase classname="tests.test_admin_operational" name="test_environment_update_is_read_only_outside_local_environments[None]" time="0.002" /><testcase classname="tests.test_admin_operational" name="test_environment_update_is_read_only_outside_local_environments[]" time="0.001" /><testcase classname="tests.test_admin_operational" name="test_environment_update_is_read_only_outside_local_environments[invalid]" time="0.001" /><testcase classname="tests.test_admin_operational" name="test_environment_update_is_read_only_outside_local_environments[staging]" time="0.001" /><testcase classname="tests.test_admin_operational" name="test_environment_update_is_read_only_outside_local_environments[production]" time="0.001" /><testcase classname="tests.test_admin_operational" name="test_environment_update_rechecks_authority_and_audits_only_key_names" time="0.006" /><testcase classname="tests.test_admin_operational" name="test_environment_update_stops_before_file_write_when_authority_is_revoked" time="0.012" /><testcase classname="tests.test_admin_operational" name="test_operational_routes_include_bounded_environment_write" time="0.001" /><testcase classname="tests.test_admin_overview" name="test_overview_service_returns_real_aggregates_and_explicit_unavailable_metrics" time="0.003" /><testcase classname="tests.test_admin_overview" name="test_overview_api_denies_non_super_admin_before_reading_data" time="0.003" /><testcase classname="tests.test_admin_overview" name="test_overview_api_authorizes_super_admin_and_returns_no_store_payload" time="0.002" /><testcase classname="tests.test_admin_overview" name="test_overview_route_is_get_only" time="0.001" /><testcase classname="tests.test_admin_platform_shell" name="test_admin_shell_denies_unauthorized_user_server_side" time="0.047" /><testcase classname="tests.test_admin_platform_shell" name="test_admin_shell_serves_authorized_deep_link" time="0.020" /><testcase classname="tests.test_admin_platform_shell" name="test_legacy_admin_routes_redirect_authorized_admin_to_exact_tabler_destination" time="0.060" /><testcase classname="tests.test_admin_platform_shell" name="test_legacy_admin_routes_deny_non_admin_before_redirect" time="0.011" /><testcase classname="tests.test_admin_security_routes" name="test_audit_endpoint_is_bounded_parameterized_and_excludes_sensitive_columns" time="0.013" /><testcase classname="tests.test_admin_security_routes" name="test_audit_result_literals_are_escaped_for_psycopg_parameters" time="0.001" /><testcase classname="tests.test_admin_security_routes" name="test_security_summary_uses_bounded_audit_facts_and_unknown_outcomes" time="0.002" /><testcase classname="tests.test_admin_security_routes" name="test_session_endpoint_joins_accounts_once_and_never_selects_tokens_or_devices" time="0.001" /><testcase classname="tests.test_admin_security_routes" name="test_security_queries_reject_unknown_unbounded_or_invalid_controls" time="0.001" /><testcase classname="tests.test_admin_security_routes" name="test_security_endpoints_stop_before_queries_when_authorization_fails" time="0.001" /><testcase classname="tests.test_admin_security_routes" name="test_security_routes_are_get_only" time="0.001" /><testcase classname="tests.test_admin_security_routes" name="test_audit_write_adds_safe_request_correlation_without_mutating_metadata" time="0.001" /><testcase classname="tests.test_admin_user_directory_scope" name="test_organization_manager_directory_is_scoped_to_active_organization" time="0.024" /><testcase classname="tests.test_admin_user_directory_scope" name="test_employee_persona_does_not_expand_directory_from_manager_membership" time="0.023" /><testcase classname="tests.test_aggregate_relation_registry" name="test_package_relation_and_mutability_registries_cover_schema_ownership" time="0.001" /><testcase classname="tests.test_aggregate_relation_registry" name="test_relation_registry_declares_disposition_for_every_entry" time="0.000" /><testcase classname="tests.test_aggregate_version_command" name="test_package_version_command_builds_an_idempotent_server_sync_payload" time="0.010" /><testcase classname="tests.test_aggregate_version_command" name="test_deterministic_ids_are_scoped_by_actor_and_source_aggregate" time="0.001" /><testcase classname="tests.test_aggregate_version_command" name="test_version_command_cannot_resolve_a_same_id_source_from_another_tenant" time="0.001" /><testcase classname="tests.test_aggregate_version_command" name="test_plan_version_command_clones_packages_from_server_state" time="0.001" /><testcase classname="tests.test_aggregate_version_command" name="test_version_command_rejects_a_stale_expected_row_version" time="0.001" /><testcase classname="tests.test_aggregate_version_command" name="test_version_command_drops_server_owned_fields_from_requested_changes" time="0.001" /><testcase classname="tests.test_aggregate_version_command" name="test_plan_version_command_migrates_legacy_plan_field_names" time="0.001" /><testcase classname="tests.test_aggregate_version_command" name="test_package_version_command_rejects_package_owned_by_historical_plan" time="0.001" /><testcase classname="tests.test_aggregate_version_command" name="test_manual_version_command_rejects_muasamcong_managed_lineage" time="0.001" /><testcase classname="tests.test_aggregate_version_command" name="test_plan_version_command_can_exclude_removed_package_roots" time="0.001" /><testcase classname="tests.test_aggregate_version_command" name="test_plan_version_rejects_unknown_selection_root" time="0.001" /><testcase classname="tests.test_aggregate_version_command" name="test_plan_version_rejects_excluded_rebid_ancestor" time="0.001" /><testcase classname="tests.test_aggregate_version_http" name="test_http_adapter_dispatches_version_commands_to_the_sync_write_lane" time="0.002" /><testcase classname="tests.test_aggregate_version_http" name="test_version_command_is_built_after_serializable_begin_and_conflicts_return_409" time="0.013" /><testcase classname="tests.test_aggregate_version_http" name="test_generated_aggregate_write_lane_does_not_use_per_record_savepoints" time="0.001" /><testcase classname="tests.test_aggregate_version_http" name="test_sync_settles_staged_latest_flags_before_deletion_mutability_checks" time="0.001" /><testcase classname="tests.test_aggregate_version_performance" name="test_aggregate_clone_validation_2001_records_stays_bounded" time="0.078" /><testcase classname="tests.test_aggregate_version_repository" name="test_package_repository_loads_the_complete_server_aggregate_in_tenant_scope" time="0.003" /><testcase classname="tests.test_aggregate_version_repository" name="test_plan_repository_loads_latest_package_aggregates_from_server_state" time="0.001" /><testcase classname="tests.test_aggregate_version_repository" name="test_source_version_authority_resolves_plan_lineage_through_applied_snapshot" time="0.001" /><testcase classname="tests.test_aggregate_version_repository" name="test_source_version_authority_resolves_package_root_and_returns_none_when_unmanaged" time="0.001" /><testcase classname="tests.test_aggregate_version_repository" name="test_plan_repository_chunks_every_package_relation_query" time="0.001" /><testcase classname="tests.test_aggregate_version_repository" name="test_expert_relations_are_chunked_at_database_parameter_boundary" time="0.003" /><testcase classname="tests.test_aggregate_version_snapshot" name="test_package_snapshot_remaps_full_aggregate_without_server_fields" time="0.001" /><testcase classname="tests.test_aggregate_version_snapshot" name="test_generated_graph_validator_rejects_missing_pending_requirement" time="0.001" /><testcase classname="tests.test_aggregate_version_snapshot" name="test_operational_evidence_remains_on_the_historical_package_snapshot" time="0.001" /><testcase classname="tests.test_aggregate_version_snapshot" name="test_plan_snapshot_uses_complete_server_state_without_browser_hydration" time="0.002" /><testcase classname="tests.test_aggregate_version_snapshot" name="test_plan_snapshot_can_exclude_removed_package_roots" time="0.001" /><testcase classname="tests.test_aggregate_version_snapshot" name="test_package_snapshot_fails_closed_for_unmapped_internal_references[&lt;lambda&gt;-AGGREGATE_AWARD_LOT_UNMAPPED]" time="0.001" /><testcase classname="tests.test_aggregate_version_snapshot" name="test_package_snapshot_fails_closed_for_unmapped_internal_references[&lt;lambda&gt;-AGGREGATE_CRITERION_PARENT_UNMAPPED]" time="0.001" /><testcase classname="tests.test_aggregate_version_snapshot" name="test_package_snapshot_fails_closed_for_unmapped_internal_references[&lt;lambda&gt;-AGGREGATE_DETAIL_CRITERION_UNMAPPED]" time="0.001" /><testcase classname="tests.test_aggregate_version_snapshot" name="test_package_snapshot_fails_closed_for_unmapped_internal_references[&lt;lambda&gt;-AGGREGATE_BIDDER_GOODS_OPENING_UNMAPPED]" time="0.001" /><testcase classname="tests.test_aggregate_version_snapshot" name="test_package_snapshot_fails_closed_for_unmapped_internal_references[&lt;lambda&gt;-AGGREGATE_GOODS_LOT_UNMAPPED]" time="0.001" /><testcase classname="tests.test_aggregate_version_snapshot" name="test_package_snapshot_fails_closed_for_unmapped_internal_references[&lt;lambda&gt;-AGGREGATE_OPENING_LOT_UNMAPPED]" time="0.001" /><testcase classname="tests.test_aggregate_version_snapshot" name="test_package_snapshot_fails_closed_for_unmapped_internal_references[&lt;lambda&gt;-AGGREGATE_BIDDER_GOODS_GOODS_UNMAPPED]" time="0.001" /><testcase classname="tests.test_aggregate_version_snapshot" name="test_package_snapshot_fails_closed_for_unmapped_internal_references[&lt;lambda&gt;-AGGREGATE_BIDDER_GOODS_LOT_UNMAPPED]" time="0.001" /><testcase classname="tests.test_aggregate_version_snapshot" name="test_package_snapshot_fails_closed_for_unmapped_internal_references[&lt;lambda&gt;-AGGREGATE_EVALUATION_ROUND_UNMAPPED]" time="0.001" /><testcase classname="tests.test_aggregate_version_snapshot" name="test_package_snapshot_fails_closed_for_unmapped_internal_references[&lt;lambda&gt;-AGGREGATE_TIMELINE_SOURCE_UNMAPPED]" time="0.001" /><testcase classname="tests.test_aggregate_version_snapshot" name="test_package_snapshot_preserves_optional_null_internal_references" time="0.001" /><testcase classname="tests.test_asset_journal" name="test_asset_is_staged_then_promoted_after_business_commit" time="0.075" /><testcase classname="tests.test_asset_journal" name="test_asset_rollback_discards_staging_without_touching_final" time="0.014" /><testcase classname="tests.test_asset_journal" name="test_rowless_staging_is_swept_after_grace_period" time="0.013" /><testcase classname="tests.test_assignment_business_key_conflict" name="test_assignment_uniqueness_reports_existing_business_membership" time="0.005" /><testcase classname="tests.test_assignment_business_key_conflict" name="test_assignment_writer_returns_structured_conflict_instead_of_integrity_error" time="0.003" /><testcase classname="tests.test_audit_chain_snapshot" name="test_monitor_uses_one_snapshot_while_audit_writer_commits" time="0.307" /><testcase classname="tests.test_auth_cookie_policy" name="test_secure_cookie_policy_does_not_break_local_http_webkit" time="0.002" /><testcase classname="tests.test_auth_cookie_policy" name="test_secure_cookie_policy_stays_fail_closed_in_production" time="0.001" /><testcase classname="tests.test_auth_cookie_policy" name="test_csrf_cookie_uses_the_same_local_http_policy" time="0.006" /><testcase classname="tests.test_auth_security_hardening" name="test_registration_otp_is_hmac_hashed_and_not_recoverable" time="0.002" /><testcase classname="tests.test_auth_security_hardening" name="test_google_password_setup_token_expires_after_two_hours_and_is_one_time" time="0.046" /><testcase classname="tests.test_auth_security_hardening" name="test_password_reset_rolls_back_when_required_audit_fails" time="0.040" /><testcase classname="tests.test_auth_security_hardening" name="test_google_setup_email_contains_link_and_never_a_password" time="0.005" /><testcase classname="tests.test_auth_security_hardening" name="test_google_security_audits_are_required_before_commit" time="0.005" /><testcase classname="tests.test_award_result_excel_routes" name="test_authorize_rejects_unauthenticated_request" time="0.004" /><testcase classname="tests.test_award_result_excel_routes" name="test_authorize_enforces_record_scope_and_subscription[False-True-PACKAGE_EXPORT_DENIED]" time="0.001" /><testcase classname="tests.test_award_result_excel_routes" name="test_authorize_enforces_record_scope_and_subscription[True-False-EXCEL_EXPORT_SUBSCRIPTION_REQUIRED]" time="0.001" /><testcase classname="tests.test_award_result_excel_routes" name="test_upload_metadata_rejects_invalid_files[input.xls-application/vnd.openxmlformats-officedocument.spreadsheetml.sheet-PK\x03\x04-10-XLSX_REQUIRED]" time="0.001" /><testcase classname="tests.test_award_result_excel_routes" name="test_upload_metadata_rejects_invalid_files[input.xlsx-application/vnd.openxmlformats-officedocument.spreadsheetml.sheet-PK\x03\x04-0-XLSX_EMPTY]" time="0.002" /><testcase classname="tests.test_award_result_excel_routes" name="test_upload_metadata_rejects_invalid_files[input.xlsx-text/plain-PK\x03\x04-10-XLSX_MIME_INVALID]" time="0.001" /><testcase classname="tests.test_award_result_excel_routes" name="test_upload_metadata_rejects_invalid_files[input.xlsx-application/vnd.openxmlformats-officedocument.spreadsheetml.sheet-not-zip-10-XLSX_SIGNATURE_INVALID]" time="0.001" /><testcase classname="tests.test_award_result_excel_routes" name="test_upload_metadata_rejects_invalid_files[input.xlsx-application/vnd.openxmlformats-officedocument.spreadsheetml.sheet-PK\x03\x04-10485761-XLSX_TOO_LARGE]" time="0.001" /><testcase classname="tests.test_award_result_excel_routes" name="test_template_selection_depends_only_on_package_is_thuoc[0-standard-False]" time="0.045" /><testcase classname="tests.test_award_result_excel_routes" name="test_template_selection_depends_only_on_package_is_thuoc[1-medicine-False]" time="0.034" /><testcase classname="tests.test_award_result_excel_routes" name="test_template_selection_depends_only_on_package_is_thuoc[0-medicine-True]" time="0.024" /><testcase classname="tests.test_award_result_excel_routes" name="test_template_selection_depends_only_on_package_is_thuoc[1-standard-True]" time="0.019" /><testcase classname="tests.test_award_result_excel_routes" name="test_validate_endpoint_returns_reconciliation_token_and_audits" time="0.056" /><testcase classname="tests.test_award_result_excel_routes" name="test_validate_endpoint_maps_authentication_failure" time="0.007" /><testcase classname="tests.test_award_result_excel_routes" name="test_validate_blocking_result_does_not_create_artifact" time="0.051" /><testcase classname="tests.test_award_result_excel_routes" name="test_validate_endpoint_returns_413_for_oversized_stream" time="0.015" /><testcase classname="tests.test_award_result_excel_routes" name="test_export_endpoint_reloads_data_sends_only_worker_updates_and_audits" time="0.046" /><testcase classname="tests.test_award_result_excel_routes" name="test_winning_goods_export_uses_only_committed_server_snapshot" time="0.002" /><testcase classname="tests.test_award_result_excel_routes" name="test_winning_goods_export_requires_positive_expected_revision[None]" time="0.006" /><testcase classname="tests.test_award_result_excel_routes" name="test_winning_goods_export_requires_positive_expected_revision[]" time="0.013" /><testcase classname="tests.test_award_result_excel_routes" name="test_winning_goods_export_requires_positive_expected_revision[0]" time="0.003" /><testcase classname="tests.test_award_result_excel_routes" name="test_winning_goods_export_requires_positive_expected_revision[abc]" time="0.010" /><testcase classname="tests.test_award_result_excel_routes" name="test_reconciliation_endpoint_recomputes_server_data_without_consuming_token" time="0.028" /><testcase classname="tests.test_award_result_excel_service" name="test_inspection_finds_source_and_output_columns_after_reordering" time="0.028" /><testcase classname="tests.test_award_result_excel_service" name="test_inspection_rejects_invalid_workbook_and_missing_template_sheet" time="0.011" /><testcase classname="tests.test_award_result_excel_service" name="test_template_registry_rejects_declared_unsupported_ooxml_parts" time="0.042" /><testcase classname="tests.test_award_result_excel_service" name="test_inspection_reports_missing_required_result_header" time="0.028" /><testcase classname="tests.test_award_result_excel_service" name="test_identifier_normalization_is_stable[  L01  -l01]" time="0.001" /><testcase classname="tests.test_award_result_excel_service" name="test_identifier_normalization_is_stable[001-001]" time="0.001" /><testcase classname="tests.test_award_result_excel_service" name="test_identifier_normalization_is_stable[001.0-001]" time="0.001" /><testcase classname="tests.test_award_result_excel_service" name="test_identifier_normalization_is_stable[1.0-1]" time="0.001" /><testcase classname="tests.test_award_result_excel_service" name="test_identifier_normalization_is_stable[value4-12.50]" time="0.001" /><testcase classname="tests.test_award_result_excel_service" name="test_identifier_normalization_is_stable[  \uff2c\uff10\uff11\xa0-l01]" time="0.001" /><testcase classname="tests.test_award_result_excel_service" name="test_identifier_normalization_is_stable[Stra\xdfe-strasse]" time="0.001" /><testcase classname="tests.test_award_result_excel_service" name="test_identifier_normalization_is_stable[L01\u2003 A-l01 a]" time="0.001" /><testcase classname="tests.test_award_result_excel_service" name="test_identifier_normalization_is_stable[None-]" time="0.001" /><testcase classname="tests.test_award_result_excel_service" name="test_decimal_mapping_never_uses_float_arithmetic" time="0.002" /><testcase classname="tests.test_award_result_excel_service" name="test_award_result_export_neutralizes_formula_injection[=1+1]" time="0.054" /><testcase classname="tests.test_award_result_excel_service" name="test_award_result_export_neutralizes_formula_injection[+SUM(A1:A2)]" time="0.048" /><testcase classname="tests.test_award_result_excel_service" name="test_award_result_export_neutralizes_formula_injection[-1+1]" time="0.044" /><testcase classname="tests.test_award_result_excel_service" name="test_award_result_export_neutralizes_formula_injection[@SUM(A1:A2)]" time="0.045" /><testcase classname="tests.test_award_result_excel_service" name="test_award_result_export_neutralizes_formula_injection[\t=1+1]" time="0.044" /><testcase classname="tests.test_award_result_excel_service" name="test_award_result_export_neutralizes_formula_injection[\r=1+1]" time="0.043" /><testcase classname="tests.test_award_result_excel_service" name="test_award_result_export_neutralizes_formula_injection[\n=1+1]" time="0.041" /><testcase classname="tests.test_award_result_excel_service" name="test_award_result_export_neutralizes_formula_injection[ =1+1]" time="0.061" /><testcase classname="tests.test_award_result_excel_service" name="test_award_result_export_neutralizes_formula_injection[\uff1d1+1]" time="0.041" /><testcase classname="tests.test_award_result_excel_service" name="test_matching_blocks_export_when_no_approved_result_is_writable" time="0.035" /><testcase classname="tests.test_award_result_excel_service" name="test_matching_blocks_when_approved_values_are_already_identical" time="0.042" /><testcase classname="tests.test_award_result_excel_service" name="test_matching_uses_primary_then_fallback_and_never_name_only" time="0.001" /><testcase classname="tests.test_award_result_excel_service" name="test_matching_blocks_duplicate_and_identifier_tax_conflicts" time="0.001" /><testcase classname="tests.test_award_result_excel_service" name="test_standard_export_preserves_source_order_styles_validation_and_hidden_sheet" time="0.049" /><testcase classname="tests.test_award_result_excel_service" name="test_medicine_export_writes_quantity_and_unit_price_but_preserves_discount" time="0.061" /><testcase classname="tests.test_award_result_excel_service" name="test_medicine_matching_uses_item_sequence_and_rejects_reusing_an_item" time="0.059" /><testcase classname="tests.test_award_result_excel_service" name="test_medicine_matching_allows_two_bidders_for_the_same_required_goods" time="0.018" /><testcase classname="tests.test_award_result_excel_service" name="test_multi_lot_pipeline_keeps_each_bidder_lot_independent_and_leaves_unmatched_row" time="0.044" /><testcase classname="tests.test_award_result_excel_service" name="test_medicine_dataset_uses_official_lot_and_bidder_goods_without_n_plus_one" time="0.005" /><testcase classname="tests.test_award_result_excel_service" name="test_validation_token_is_bound_to_user_org_package_hash_and_expiry" time="0.066" /><testcase classname="tests.test_award_result_excel_service" name="test_validation_artifact_detects_changed_workbook" time="0.056" /><testcase classname="tests.test_award_result_excel_service" name="test_cleanup_does_not_starve_expired_artifact_after_scan_limit" time="1.186" /><testcase classname="tests.test_award_result_excel_service" name="test_cleanup_removes_old_corrupt_metadata_safely" time="0.013" /><testcase classname="tests.test_award_result_excel_service" name="test_validation_artifact_enforces_user_org_and_global_quotas[AWARD_RESULT_ARTIFACT_MAX_PER_USER-user-org-1]" time="0.048" /><testcase classname="tests.test_award_result_excel_service" name="test_validation_artifact_enforces_user_org_and_global_quotas[AWARD_RESULT_ARTIFACT_MAX_PER_ORGANIZATION-other-org-1]" time="0.050" /><testcase classname="tests.test_award_result_excel_service" name="test_validation_artifact_enforces_user_org_and_global_quotas[AWARD_RESULT_ARTIFACT_MAX_GLOBAL_BYTES-other-other-org-1]" time="0.052" /><testcase classname="tests.test_award_result_excel_service" name="test_partial_artifact_write_is_never_published" time="0.036" /><testcase classname="tests.test_award_result_excel_service" name="test_claim_prevents_concurrent_export_and_cleanup" time="0.059" /><testcase classname="tests.test_award_result_excel_service" name="test_output_filename_is_sanitized" time="0.001" /><testcase classname="tests.test_award_result_excel_service" name="test_multi_replica_local_artifact_store_fails_closed" time="0.001" /><testcase classname="tests.test_award_result_excel_service" name="test_validation_preview_is_bounded_stable_and_filterable" time="0.100" /><testcase classname="tests.test_award_result_excel_worker" name="test_worker_allows_and_preserves_unrelated_formulas" time="2.358" /><testcase classname="tests.test_award_result_excel_worker" name="test_worker_rejects_archive_path_traversal" time="1.107" /><testcase classname="tests.test_award_result_excel_worker" name="test_worker_builds_formula_safe_reconciliation_report" time="1.037" /><testcase classname="tests.test_award_result_mapping" name="test_no_award_outcomes_have_explicit_external_mapping_and_reason[NO_BID]" time="0.001" /><testcase classname="tests.test_award_result_mapping" name="test_no_award_outcomes_have_explicit_external_mapping_and_reason[NO_TECHNICAL_QUALIFIER]" time="0.001" /><testcase classname="tests.test_award_result_mapping" name="test_no_award_outcomes_have_explicit_external_mapping_and_reason[NO_FINANCIAL_QUALIFIER]" time="0.000" /><testcase classname="tests.test_award_result_mapping" name="test_no_award_outcomes_have_explicit_external_mapping_and_reason[NO_RESPONSIVE_BID]" time="0.000" /><testcase classname="tests.test_award_result_mapping" name="test_no_award_outcomes_have_explicit_external_mapping_and_reason[CANCELLED_LOT]" time="0.000" /><testcase classname="tests.test_award_result_mapping" name="test_no_award_outcomes_have_explicit_external_mapping_and_reason[REPROCUREMENT_REQUIRED]" time="0.000" /><testcase classname="tests.test_award_result_mapping" name="test_no_award_outcomes_have_explicit_external_mapping_and_reason[OTHER_APPROVED_OUTCOME]" time="0.000" /><testcase classname="tests.test_award_result_mapping" name="test_awarded_outcome_distinguishes_winner_and_non_winner" time="0.000" /><testcase classname="tests.test_award_result_mapping" name="test_unknown_outcome_never_silently_falls_back" time="0.000" /><testcase classname="tests.test_backend_route_composition" name="test_feature_route_registries_keep_critical_endpoints_registered" time="0.000" /><testcase classname="tests.test_backend_route_composition" name="test_commercial_workspace_deep_links_are_registered_for_browser_refresh" time="0.001" /><testcase classname="tests.test_backend_route_composition" name="test_usage_analytics_routes_and_reserved_spa_slug_are_registered" time="0.001" /><testcase classname="tests.test_benchmark_muasamcong" name="test_benchmark_report_covers_every_required_scenario_and_usage_rate" time="0.002" /><testcase classname="tests.test_benchmark_platform_admin" name="test_platform_admin_benchmark_requires_dedicated_test_database" time="0.003" /><testcase classname="tests.test_benchmark_platform_admin" name="test_platform_admin_large_data_budgets_are_explicit_and_bounded" time="0.000" /><testcase classname="tests.test_benchmark_platform_admin" name="test_platform_admin_large_data_contract_on_postgresql" time="1.419" /><testcase classname="tests.test_bid_evaluation_prices" name="test_schema_and_upgrade_include_bid_evaluation_prices" time="0.001" /><testcase classname="tests.test_bid_evaluation_prices" name="test_sync_contract_persists_both_bid_evaluation_prices" time="0.004" /><testcase classname="tests.test_bid_evaluation_prices" name="test_evaluation_upsert_uses_field_presence_for_partial_draft_updates" time="0.001" /><testcase classname="tests.test_bid_evaluation_prices" name="test_evaluation_persistence_interface_preserves_round_and_criterion_values" time="0.001" /><testcase classname="tests.test_bid_evaluation_prices" name="test_mapper_keeps_evaluation_persistence_compatibility_aliases" time="0.000" /><testcase classname="tests.test_bid_evaluation_prices" name="test_sync_payload_shape_accepts_boolean_low_price_decision" time="0.001" /><testcase classname="tests.test_bid_evaluation_prices" name="test_sync_payload_shape_defers_combined_score_relationship_to_record_validator" time="0.001" /><testcase classname="tests.test_bid_evaluation_prices" name="test_sync_payload_accepts_numeric_combined_technical_score" time="0.001" /><testcase classname="tests.test_bid_evaluation_prices" name="test_legacy_combined_result_is_allowed_only_as_an_exact_plan_snapshot_copy" time="0.001" /><testcase classname="tests.test_bid_evaluation_prices" name="test_sync_rejects_negative_bid_evaluation_prices" time="0.001" /><testcase classname="tests.test_bid_evaluation_prices" name="test_sync_rejects_discount_rate_outside_0_to_100[-1]" time="0.001" /><testcase classname="tests.test_bid_evaluation_prices" name="test_sync_rejects_discount_rate_outside_0_to_100[100.1]" time="0.001" /><testcase classname="tests.test_bid_evaluation_prices" name="test_sync_rejects_discount_rate_outside_0_to_100[NaN]" time="0.001" /><testcase classname="tests.test_bid_evaluation_prices" name="test_sync_rejects_discount_rate_outside_0_to_100[Infinity]" time="0.001" /><testcase classname="tests.test_bid_evaluation_prices" name="test_sync_accepts_zero_bid_evaluation_prices_as_the_current_validation_rule" time="0.000" /><testcase classname="tests.test_bid_evaluation_prices" name="test_sync_allows_an_omitted_low_price_decision_but_validates_it_when_present" time="0.000" /><testcase classname="tests.test_bid_evaluation_prices" name="test_sync_reads_bid_evaluation_prices_as_bigint_safe_strings" time="0.001" /><testcase classname="tests.test_bid_evaluation_prices" name="test_sync_rejects_invalid_low_price_acceptance" time="0.001" /><testcase classname="tests.test_bidder_goods" name="test_bidder_goods_schema_and_sync_contract" time="0.001" /><testcase classname="tests.test_bidder_goods" name="test_sync_payload_accepts_bidder_goods_manual_override_as_boolean" time="0.001" /><testcase classname="tests.test_bidder_goods" name="test_v27_migration_is_idempotent_and_backfills_legacy_preference_code" time="0.001" /><testcase classname="tests.test_bidder_goods" name="test_bidder_goods_payload_allows_draft_but_requires_official_mapping" time="0.001" /><testcase classname="tests.test_bidder_goods" name="test_backend_rejects_negative_bidder_goods_unit_price" time="0.001" /><testcase classname="tests.test_bidder_goods" name="test_backend_accepts_consistent_official_batch_and_rejects_cross_package_mapping" time="0.008" /><testcase classname="tests.test_bidder_goods" name="test_backend_validates_official_bidder_goods_against_pending_aggregate_graph" time="0.002" /><testcase classname="tests.test_bidder_goods" name="test_backend_accepts_mixed_package_and_rejects_non_goods_field" time="0.001" /><testcase classname="tests.test_bidder_goods" name="test_backend_rejects_wrong_lot_duplicates_incomplete_rows_and_bad_totals" time="0.003" /><testcase classname="tests.test_bidder_goods" name="test_backend_allows_manual_preference_override_without_reason" time="0.001" /><testcase classname="tests.test_bidder_goods" name="test_backend_rejects_goods_ready_when_persisted_technical_progress_is_stale" time="0.001" /><testcase classname="tests.test_bidder_goods" name="test_manager_cannot_edit_bidder_goods_after_evaluation_closes" time="0.001" /><testcase classname="tests.test_bidder_goods" name="test_awarded_snapshot_allows_only_new_cloned_bidder_goods" time="0.001" /><testcase classname="tests.test_bidder_goods" name="test_employee_write_inherits_package_assignment_and_evaluation_status" time="0.001" /><testcase classname="tests.test_bidder_goods" name="test_employee_write_accepts_persisted_evaluating_status_code" time="0.001" /><testcase classname="tests.test_billing_activation" name="test_verified_base_plan_activation_is_exactly_once" time="0.381" /><testcase classname="tests.test_billing_activation" name="test_provider_transaction_cannot_activate_two_orders" time="1.029" /><testcase classname="tests.test_billing_activation" name="test_wrong_amount_is_reviewed_without_payment_fact_or_entitlement" time="0.853" /><testcase classname="tests.test_billing_activation" name="test_webhook_identity_mismatch_is_reviewed_before_activation[signed_overrides0-provider_overrides0-WEBHOOK_AMOUNT_MISMATCH]" time="0.735" /><testcase classname="tests.test_billing_activation" name="test_webhook_identity_mismatch_is_reviewed_before_activation[signed_overrides1-provider_overrides1-PAYMENT_LINK_ID_MISMATCH]" time="0.866" /><testcase classname="tests.test_billing_activation" name="test_late_payment_fact_is_preserved_but_sent_to_review" time="0.693" /><testcase classname="tests.test_billing_activation" name="test_verified_credit_pack_increases_only_the_exact_owner_balance[account]" time="6.219" /><testcase classname="tests.test_billing_activation" name="test_verified_credit_pack_increases_only_the_exact_owner_balance[organization]" time="11.085" /><testcase classname="tests.test_billing_activation" name="test_verified_organization_base_plan_activates_only_the_organization" time="0.982" /><testcase classname="tests.test_billing_activation" name="test_fake_timeout_recovers_with_stable_command_and_activates_once" time="1.562" /><testcase classname="tests.test_billing_activation" name="test_checkout_retries_provider_order_code_collision_and_pins_expiry" time="0.868" /><testcase classname="tests.test_billing_activation" name="test_ambiguous_cancel_queries_before_repeating_the_mutation" time="0.784" /><testcase classname="tests.test_billing_activation" name="test_paid_provider_result_stays_retryable_when_activation_transaction_fails" time="1.418" /><testcase classname="tests.test_billing_activation" name="test_periodic_reconciliation_converges_an_open_order_without_webhook" time="1.179" /><testcase classname="tests.test_billing_activation" name="test_local_checkout_expiry_uses_the_pinned_boundary" time="0.551" /><testcase classname="tests.test_billing_activation" name="test_manual_refund_replay_survives_terminal_refund_state_and_binds_request" time="0.335" /><testcase classname="tests.test_billing_activation" name="test_same_webhook_identity_with_changed_payload_is_held_for_review" time="0.103" /><testcase classname="tests.test_billing_personal_history" name="test_personal_history_stays_account_scoped_in_organization_context" time="0.006" /><testcase classname="tests.test_billing_personal_history" name="test_payment_redirects_return_to_account_purchase_history" time="0.002" /><testcase classname="tests.test_blocking_io_lanes" name="test_bounded_lane_rejects_excess_work_without_saturating_another_lane" time="0.016" /><testcase classname="tests.test_bootstrap_asset_hashes" name="test_bootstrap_asset_urls_match_their_file_contents" time="0.002" /><testcase classname="tests.test_brand_asset_budget" name="test_public_brand_assets_are_bounded_and_keep_transparent_corners" time="0.007" /><testcase classname="tests.test_ci_supply_chain_pins" name="test_every_external_action_uses_a_full_commit_sha" time="0.002" /><testcase classname="tests.test_ci_supply_chain_pins" name="test_every_workflow_container_uses_an_immutable_digest" time="0.002" /><testcase classname="tests.test_ci_supply_chain_pins" name="test_dependabot_proposes_reviewable_action_pin_updates" time="0.001" /><testcase classname="tests.test_client_operational_diagnostics" name="test_operational_diagnostics_fit_the_pii_safe_bounded_contract[Sync.Conflict-/frontend/app/SyncPushService.js]" time="0.001" /><testcase classname="tests.test_client_operational_diagnostics" name="test_operational_diagnostics_fit_the_pii_safe_bounded_contract[Sync.OfflineQueued-/frontend/app/WorkspaceDataStore.js]" time="0.000" /><testcase classname="tests.test_client_operational_diagnostics" name="test_operational_diagnostics_fit_the_pii_safe_bounded_contract[Outbox.TransportFailure-/frontend/app/SyncPushService.js]" time="0.000" /><testcase classname="tests.test_client_operational_diagnostics" name="test_operational_diagnostics_fit_the_pii_safe_bounded_contract[Outbox.StartupRetry-/frontend/app/startupReconciliation.js]" time="0.000" /><testcase classname="tests.test_client_operational_diagnostics" name="test_operational_diagnostics_fit_the_pii_safe_bounded_contract[ExcelWorker.Failure-/frontend/documents/ExcelParseWorkerClient.js]" time="0.000" /><testcase classname="tests.test_client_operational_diagnostics" name="test_operational_diagnostics_fit_the_pii_safe_bounded_contract[ExcelWorker.Fallback-/frontend/documents/excelFileReader.js]" time="0.000" /><testcase classname="tests.test_client_operational_diagnostics" name="test_operational_diagnostics_fit_the_pii_safe_bounded_contract[WebSocket.Reconnect-/frontend/app/WebSocketSyncClient.js]" time="0.000" /><testcase classname="tests.test_client_operational_diagnostics" name="test_operational_diagnostics_fit_the_pii_safe_bounded_contract[WebSocket.PollingFallback.30sTo5m-/frontend/app/WebSocketSyncClient.js]" time="0.001" /><testcase classname="tests.test_client_operational_diagnostics" name="test_operational_diagnostics_fit_the_pii_safe_bounded_contract[AggregateVersion.Conflict-/frontend/shared/AggregateVersionClient.js]" time="0.001" /><testcase classname="tests.test_client_operational_diagnostics" name="test_operational_diagnostics_fit_the_pii_safe_bounded_contract[LegacyVersionFallback.CapabilityMissing-/frontend/shared/AggregateVersionClient.js]" time="0.001" /><testcase classname="tests.test_client_operational_diagnostics" name="test_structured_operational_diagnostic_accepts_only_bounded_redacted_dimensions" time="0.001" /><testcase classname="tests.test_client_operational_diagnostics" name="test_client_diagnostic_accepts_git_sha_release_id_starting_with_digit" time="0.001" /><testcase classname="tests.test_client_operational_diagnostics" name="test_operational_diagnostic_rejects_raw_or_unbounded_context[workspaceHash-org-private-raw]" time="0.001" /><testcase classname="tests.test_client_operational_diagnostics" name="test_operational_diagnostic_rejects_raw_or_unbounded_context[correlationId-request id with spaces]" time="0.001" /><testcase classname="tests.test_client_operational_diagnostics" name="test_operational_diagnostic_rejects_raw_or_unbounded_context[operation-sync/prompt=private]" time="0.001" /><testcase classname="tests.test_client_operational_diagnostics" name="test_operational_diagnostic_rejects_raw_or_unbounded_context[message-private contractor data]" time="0.001" /><testcase classname="tests.test_client_operational_diagnostics" name="test_operational_diagnostic_rejects_raw_or_unbounded_context[prompt-raw AI prompt]" time="0.001" /><testcase classname="tests.test_client_operational_diagnostics" name="test_operational_diagnostic_rejects_raw_or_unbounded_context[token-secret]" time="0.001" /><testcase classname="tests.test_commercial_policy_document" name="test_initial_draft_has_exact_approved_offers_packs_and_dynamic_savings" time="0.009" /><testcase classname="tests.test_commercial_policy_document" name="test_initial_draft_preserves_unknown_personal_export_mapping_as_blocker" time="0.005" /><testcase classname="tests.test_commercial_policy_document" name="test_commercial_document_cannot_define_record_read_or_masking_capabilities" time="0.004" /><testcase classname="tests.test_commercial_policy_document" name="test_validation_bounds_credit_savings_computation_before_dynamic_programming" time="0.001" /><testcase classname="tests.test_commercial_policy_document" name="test_production_release_requires_external_tax_and_live_provider_readiness" time="0.004" /><testcase classname="tests.test_commercial_policy_document" name="test_offer_contract_rejects_invalid_closed_fields[ownerKind-workspace-OWNER_KIND_INVALID]" time="0.005" /><testcase classname="tests.test_commercial_policy_document" name="test_offer_contract_rejects_invalid_closed_fields[salesState-paused-SALES_STATE_INVALID]" time="0.004" /><testcase classname="tests.test_commercial_policy_document" name="test_offer_contract_rejects_invalid_closed_fields[violationCheckEnabled-1-VIOLATION_CHECK_INVALID]" time="0.004" /><testcase classname="tests.test_commercial_policy_document" name="test_offer_price_rejects_noncanonical_period_and_currency[period-weekly-PRICE_PERIOD_INVALID]" time="0.003" /><testcase classname="tests.test_commercial_policy_document" name="test_offer_price_rejects_noncanonical_period_and_currency[currency-USD-PRICE_CURRENCY_INVALID]" time="0.003" /><testcase classname="tests.test_commercial_policy_document" name="test_offer_display_metadata_is_typed[name-10-DISPLAY_TEXT_INVALID]" time="0.003" /><testcase classname="tests.test_commercial_policy_document" name="test_offer_display_metadata_is_typed[description-value1-DISPLAY_TEXT_INVALID]" time="0.004" /><testcase classname="tests.test_commercial_policy_document" name="test_offer_display_metadata_is_typed[order--1-DISPLAY_ORDER_INVALID]" time="0.004" /><testcase classname="tests.test_commercial_policy_document" name="test_offer_display_metadata_is_typed[badge-value3-DISPLAY_TEXT_INVALID]" time="0.004" /><testcase classname="tests.test_commercial_policy_document" name="test_offer_display_metadata_is_typed[recommended-yes-DISPLAY_BOOLEAN_INVALID]" time="0.004" /><testcase classname="tests.test_commercial_policy_document" name="test_offer_display_metadata_is_typed[visibility-members_only-DISPLAY_VISIBILITY_INVALID]" time="0.004" /><testcase classname="tests.test_commercial_policy_document" name="test_offer_display_metadata_is_typed[variantLabel-7-DISPLAY_TEXT_INVALID]" time="0.004" /><testcase classname="tests.test_commercial_policy_document" name="test_offer_display_metadata_is_typed[periodLabel-False-DISPLAY_TEXT_INVALID]" time="0.003" /><testcase classname="tests.test_commercial_policy_document" name="test_offer_display_metadata_is_typed[benefits-value8-DISPLAY_BENEFITS_INVALID]" time="0.004" /><testcase classname="tests.test_commercial_policy_document" name="test_malformed_offer_item_returns_typed_validation_error_instead_of_raising" time="0.001" /><testcase classname="tests.test_commercial_public_catalog" name="test_public_catalog_reports_off_without_opening_database" time="0.034" /><testcase classname="tests.test_commercial_public_catalog" name="test_public_catalog_keeps_effective_release_contract_in_shadow_mode" time="0.021" /><testcase classname="tests.test_commercial_public_catalog" name="test_policy_filters_nonpublic_offers_and_orders_by_release_display_metadata" time="0.002" /><testcase classname="tests.test_commercial_public_catalog" name="test_release_projection_uses_validated_display_order_instead_of_loop_position" time="0.001" /><testcase classname="tests.test_commercial_public_catalog" name="test_recent_release_history_is_bounded_and_excludes_snapshot_documents" time="0.001" /><testcase classname="tests.test_commercial_runtime_config" name="test_commercial_runtime_defaults_remain_fully_disabled" time="0.000" /><testcase classname="tests.test_commercial_runtime_config" name="test_trial_full_access_disables_every_commercial_enforcement_switch" time="0.000" /><testcase classname="tests.test_commercial_runtime_config" name="test_contradictory_commercial_flags_fail_closed[environment0]" time="0.001" /><testcase classname="tests.test_commercial_runtime_config" name="test_contradictory_commercial_flags_fail_closed[environment1]" time="0.001" /><testcase classname="tests.test_commercial_runtime_config" name="test_contradictory_commercial_flags_fail_closed[environment2]" time="0.001" /><testcase classname="tests.test_commercial_runtime_config" name="test_production_payment_requires_payos_and_every_external_readiness_gate" time="0.001" /><testcase classname="tests.test_commercial_runtime_config" name="test_enabled_payos_requires_every_process_local_credential[PAYOS_CLIENT_ID]" time="0.001" /><testcase classname="tests.test_commercial_runtime_config" name="test_enabled_payos_requires_every_process_local_credential[PAYOS_API_KEY]" time="0.001" /><testcase classname="tests.test_commercial_runtime_config" name="test_enabled_payos_requires_every_process_local_credential[PAYOS_CHECKSUM_KEY]" time="0.001" /><testcase classname="tests.test_commercial_runtime_config" name="test_enabled_payos_rejects_non_production_provider_environment" time="0.001" /><testcase classname="tests.test_commercial_runtime_config" name="test_checkout_off_activation_on_is_a_supported_incident_response_combination" time="0.000" /><testcase classname="tests.test_compliance_context" name="test_bundle_v1_fails_only_process_readiness_and_never_claims_legal_violation" time="0.011" /><testcase classname="tests.test_compliance_context" name="test_bundle_v1_does_not_fail_when_applicable_items_have_dates_but_facts_need_review" time="0.004" /><testcase classname="tests.test_compliance_context" name="test_legal_readiness_preserves_non_resolved_status[AMBIGUOUS-NEEDS_REVIEW]" time="0.002" /><testcase classname="tests.test_compliance_context" name="test_legal_readiness_preserves_non_resolved_status[MANUAL_REVIEW_REQUIRED-NEEDS_REVIEW]" time="0.002" /><testcase classname="tests.test_compliance_context" name="test_legal_readiness_preserves_non_resolved_status[UNRESOLVED-NOT_EVALUATED]" time="0.002" /><testcase classname="tests.test_compliance_context" name="test_compliance_context_preserves_full_authorized_business_record" time="0.003" /><testcase classname="tests.test_compliance_context" name="test_compliance_tool_is_feature_gated_strict_and_read_only" time="0.003" /><testcase classname="tests.test_compliance_context" name="test_tool_executor_rejects_model_target_mismatch_before_database" time="0.002" /><testcase classname="tests.test_compliance_context" name="test_ai_policy_treats_record_instructions_as_data_and_never_upgrades_review" time="0.001" /><testcase classname="tests.test_compliance_context" name="test_compliance_tool_payload_is_marked_untrusted_even_with_prompt_injection" time="0.001" /><testcase classname="tests.test_conflict_resolution" name="test_three_way_scalar_matrix[A-A-A-UNCHANGED-A]" time="0.002" /><testcase classname="tests.test_conflict_resolution" name="test_three_way_scalar_matrix[A-B-A-LOCAL_ONLY-B]" time="0.001" /><testcase classname="tests.test_conflict_resolution" name="test_three_way_scalar_matrix[A-A-C-SERVER_ONLY-C]" time="0.001" /><testcase classname="tests.test_conflict_resolution" name="test_three_way_scalar_matrix[A-B-B-BOTH_SAME-B]" time="0.001" /><testcase classname="tests.test_conflict_resolution" name="test_three_way_scalar_matrix[A-B-C-CONFLICT-suggested4]" time="0.001" /><testcase classname="tests.test_conflict_resolution" name="test_three_way_scalar_matrix[None-B-None-LOCAL_ONLY-B]" time="0.001" /><testcase classname="tests.test_conflict_resolution" name="test_three_way_rejects_missing_nested_and_unknown_fields" time="0.001" /><testcase classname="tests.test_conflict_resolution" name="test_authority_is_expiring_actor_workspace_and_snapshot_bound" time="0.002" /><testcase classname="tests.test_conflict_resolution" name="test_capture_preview_and_resolution_preserve_full_authorized_values" time="0.003" /><testcase classname="tests.test_conflict_resolution" name="test_resolution_requires_explicit_financial_choice_and_rejects_second_race" time="0.001" /><testcase classname="tests.test_conflict_resolution" name="test_encrypted_payload_detects_wrong_key_and_digest" time="0.004" /><testcase classname="tests.test_conflict_resolution" name="test_conflict_center_schema_policy_and_routes_are_closed" time="0.001" /><testcase classname="tests.test_contract_relation_policy" name="test_effective_contract_projection_deduplicates_with_exact_precedence" time="0.001" /><testcase classname="tests.test_contract_relation_policy" name="test_contract_relation_order_has_deterministic_tie_breakers" time="0.001" /><testcase classname="tests.test_contract_relation_policy" name="test_docx_contract_context_keeps_all_latest_linked_contracts" time="0.004" /><testcase classname="tests.test_contractor_code_case" name="test_contractor_code_preserves_original_case_during_sync" time="0.002" /><testcase classname="tests.test_contractor_code_case" name="test_investor_code_preserves_original_case_during_sync" time="0.001" /><testcase classname="tests.test_contractor_code_case" name="test_other_business_identifiers_keep_existing_canonical_behavior" time="0.000" /><testcase classname="tests.test_contractor_creator_edit" name="test_creator_evidence_is_server_audit_and_scoped_to_organization" time="0.001" /><testcase classname="tests.test_contractor_creator_edit" name="test_creator_with_view_can_edit_stamp_but_unrelated_record_stays_protected" time="0.001" /><testcase classname="tests.test_contractor_risk_repository" name="test_latest_snapshot_ignores_stale_and_closing_time_mismatch" time="0.003" /><testcase classname="tests.test_contractor_risk_repository" name="test_latest_snapshot_never_turns_failed_lookup_into_clean_result" time="0.001" /><testcase classname="tests.test_contractor_risk_repository" name="test_latest_snapshot_is_reused_only_for_current_rule_version" time="0.002" /><testcase classname="tests.test_contractor_risk_routes" name="test_contractor_risk_route_is_registered" time="0.001" /><testcase classname="tests.test_contractor_risk_routes" name="test_api_rejects_frontend_supplied_violation_status" time="0.071" /><testcase classname="tests.test_contractor_risk_routes" name="test_api_response_exposes_only_minimal_ui_status" time="0.053" /><testcase classname="tests.test_contractor_risk_routes" name="test_blocking_route_requires_authentication" time="0.001" /><testcase classname
[...]
t" time="0.742" /><testcase classname="tests.test_word_export_preserves_template" name="test_batch_word_export_preserves_each_template_and_uses_one_worker" time="1.006" /><testcase classname="tests.test_word_mapping_registry" name="test_sparse_word_mapping_schema_upgrade_is_registered" time="0.009" /><testcase classname="tests.test_word_mapping_registry" name="test_reading_shared_templates_does_not_create_an_empty_scope_directory" time="0.025" /><testcase classname="tests.test_word_mapping_registry" name="test_system_catalog_is_shared_until_a_scope_changes_a_mapping" time="0.121" /><testcase classname="tests.test_word_mapping_registry" name="test_deleting_a_system_mapping_creates_only_a_scope_tombstone" time="0.007" /><testcase classname="tests.test_word_mapping_registry" name="test_custom_mapping_remains_owned_by_only_the_active_scope" time="0.007" /><testcase classname="tests.test_word_mapping_registry" name="test_migration_compacts_seeded_rows_without_losing_customization" time="0.039" /><testcase classname="tests.test_word_publication_policy_parity" name="test_frontend_word_publication_policy_matches_authoritative_backend_metadata" time="0.080" /><testcase classname="tests.test_word_publication_route" name="test_word_publication_spa_route_is_registered" time="0.001" /><testcase classname="tests.test_word_publication_route" name="test_word_publication_template_assignment_api_is_registered" time="0.005" /><testcase classname="tests.test_word_publication_route" name="test_word_publication_route_is_reserved_from_usernames" time="0.000" /><testcase classname="tests.test_word_publication_team_policy" name="test_template_without_team_fields_does_not_require_package_teams" time="0.007" /><testcase classname="tests.test_word_publication_team_policy" name="test_selected_template_team_alias_requires_only_its_source_team" time="0.005" /><testcase classname="tests.test_word_publication_team_policy" name="test_referenced_teams_must_each_have_exactly_one_leader" time="0.002" /><testcase classname="tests.test_word_publication_team_policy" name="test_package_export_job_returns_structured_team_warning" time="0.008" /><testcase classname="tests.test_word_publication_template_assignments" name="test_active_template_updates_preserve_explicit_assignments" time="0.091" /><testcase classname="tests.test_word_publication_template_assignments" name="test_multiple_templates_can_be_assigned_to_one_publication_function" time="0.074" /><testcase classname="tests.test_word_publication_template_assignments" name="test_disabled_assigned_template_is_not_resolved_for_publication" time="0.160" /><testcase classname="tests.test_word_publication_template_assignments" name="test_assignment_api_rejects_template_that_is_not_enabled" time="0.102" /><testcase classname="tests.test_word_publication_template_assignments" name="test_multiple_assigned_templates_render_into_one_zip_download" time="0.007" /><testcase classname="tests.test_word_publication_template_assignments" name="test_publication_export_selection_is_filtered_in_assignment_order" time="0.090" /><testcase classname="tests.test_word_publication_template_assignments" name="test_publication_export_selection_rejects_empty_or_unassigned_templates" time="0.072" /><testcase classname="tests.test_word_publication_template_assignments" name="test_template_rename_and_delete_update_every_assignment_reference" time="0.210" /><testcase classname="tests.test_word_publication_template_assignments" name="test_assignment_api_requires_explicit_templates_even_when_active_template_exists" time="0.210" /><testcase classname="tests.test_word_publication_template_assignments" name="test_assignment_api_rejects_a_stale_config_revision" time="0.220" /><testcase classname="tests.test_word_publication_template_assignments" name="test_assignment_api_rolls_back_config_when_required_audit_fails" time="0.149" /><testcase classname="tests.test_word_publication_template_assignments" name="test_assignment_api_rejects_unknown_types_and_cross_workspace_templates" time="0.133" /><testcase classname="tests.test_word_publication_template_assignments" name="test_assignment_write_reuses_word_config_manage_permission" time="0.055" /><testcase classname="tests.test_word_publication_template_assignments" name="test_direct_and_special_packages_exclude_data_only_full_profile[Ch\u1ec9 \u0111\u1ecbnh th\u1ea7u r\xfat g\u1ecdn]" time="0.006" /><testcase classname="tests.test_word_publication_template_assignments" name="test_direct_and_special_packages_exclude_data_only_full_profile[L\u1ef1a ch\u1ecdn nh\xe0 th\u1ea7u trong tr\u01b0\u1eddng h\u1ee3p \u0111\u1eb7c bi\u1ec7t]" time="0.001" /><testcase classname="tests.test_word_publication_template_assignments" name="test_package_full_profile_is_not_a_publication_document" time="0.000" /><testcase classname="tests.test_word_publication_template_assignments" name="test_assignment_payload_ignores_legacy_data_only_full_profile" time="0.064" /><testcase classname="tests.test_word_publication_template_assignments" name="test_server_policy_keeps_one_and_two_envelope_documents_distinct" time="0.001" /><testcase classname="tests.test_word_publication_template_assignments" name="test_frontend_and_backend_share_the_same_stable_document_ids" time="0.006" /><testcase classname="tests.test_word_publication_template_assignments" name="test_report_render_uses_assigned_template_and_rejects_inapplicable_type" time="0.130" /><testcase classname="tests.test_word_publication_template_assignments" name="test_report_render_scopes_contracts_to_the_publication_function[evaluation-consultant_evaluation_step_1-expected_contract_ids0]" time="0.069" /><testcase classname="tests.test_word_publication_template_assignments" name="test_report_render_scopes_contracts_to_the_publication_function[evaluation-consultant_evaluation_step_2-expected_contract_ids1]" time="0.062" /><testcase classname="tests.test_word_publication_template_assignments" name="test_report_render_scopes_contracts_to_the_publication_function[evaluation-consultant_appraisal_step_1-expected_contract_ids2]" time="0.055" /><testcase classname="tests.test_word_publication_template_assignments" name="test_report_render_scopes_contracts_to_the_publication_function[evaluation-consultant_appraisal_step_2-expected_contract_ids3]" time="0.065" /><testcase classname="tests.test_word_publication_template_assignments" name="test_report_render_scopes_contracts_to_the_publication_function[evaluation-bid_evaluation_report-expected_contract_ids4]" time="0.055" /><testcase classname="tests.test_word_publication_template_assignments" name="test_report_render_uses_internal_snapshot_revision_without_exposing_it" time="0.005" /><testcase classname="tests.test_word_standardizer" name="test_audit_recognizes_document_and_scopes_sector_fixes" time="1.151" /><testcase classname="tests.test_word_standardizer" name="test_apply_fix_preserves_text_placeholders_and_structure" time="1.449" /><testcase classname="tests.test_word_standardizer" name="test_apply_records_a_missing_true_boolean_property_as_a_change" time="1.314" /><testcase classname="tests.test_word_standardizer" name="test_apply_black_removes_theme_color_attributes" time="1.801" /><testcase classname="tests.test_word_standardizer" name="test_apply_font_removes_valid_complex_script_theme_attribute" time="1.505" /><testcase classname="tests.test_word_standardizer" name="test_mixed_script_fonts_are_detected_and_all_scripts_are_normalized" time="1.121" /><testcase classname="tests.test_word_standardizer" name="test_partial_direct_font_does_not_hide_inherited_hansi_font" time="1.742" /><testcase classname="tests.test_word_standardizer" name="test_apply_rejects_stale_analysis_and_reference_only_profile" time="0.461" /><testcase classname="tests.test_word_standardizer" name="test_apply_requires_an_accepted_analysis_hash_at_engine_and_worker_seams" time="0.098" /><testcase classname="tests.test_word_standardizer" name="test_signed_opc_package_is_manual_review_only_and_cannot_apply" time="1.073" /><testcase classname="tests.test_word_standardizer" name="test_quoted_shell_marker_in_body_is_never_a_sector_auto_fix" time="1.440" /><testcase classname="tests.test_word_standardizer" name="test_uncalibrated_title_candidates_are_not_strict_body_paragraphs" time="0.568" /><testcase classname="tests.test_word_standardizer" name="test_owned_ooxml_properties_are_inserted_in_schema_order" time="1.036" /><testcase classname="tests.test_word_standardizer" name="test_exact_line_spacing_is_reported_but_not_auto_converted" time="0.587" /><testcase classname="tests.test_word_standardizer" name="test_strict_body_layout_excludes_headings_and_table_cells" time="0.222" /><testcase classname="tests.test_word_standardizer" name="test_strict_body_layout_excludes_direct_and_inherited_numbering" time="0.226" /><testcase classname="tests.test_word_standardizer" name="test_landscape_section_is_reported_even_when_document_has_a_table" time="0.195" /><testcase classname="tests.test_word_standardizer" name="test_auto_text_color_is_normalized_to_explicit_black" time="0.599" /><testcase classname="tests.test_word_standardizer" name="test_character_unit_indent_override_is_removed_by_strict_fix" time="0.988" /><testcase classname="tests.test_word_standardizer" name="test_automatic_paragraph_spacing_is_preview_only" time="1.183" /><testcase classname="tests.test_word_standardizer" name="test_contextual_spacing_is_preview_only_for_adjacent_same_style" time="1.474" /><testcase classname="tests.test_word_standardizer" name="test_default_paragraph_style_applies_to_implicit_and_explicit_normal" time="0.856" /><testcase classname="tests.test_word_standardizer" name="test_large_semantic_report_is_bounded_and_inventory_is_hashed" time="6.656" /><testcase classname="tests.test_word_standardizer" name="test_versioned_rule_bundle_is_validated_and_policy_changes_are_hashed" time="0.001" /><testcase classname="tests.test_word_standardizer" name="test_document_worker_operation_returns_report_or_docx_bytes" time="1.121" /><testcase classname="tests.test_word_standardizer" name="test_standardizer_crosses_the_isolated_document_worker_boundary" time="1.157" /><testcase classname="tests.test_word_standardizer" name="test_catalog_creates_versioned_standardized_draft_with_provenance" time="0.957" /><testcase classname="tests.test_word_template_catalog" name="test_content_addressed_storage_is_tenant_bound_and_immutable" time="0.046" /><testcase classname="tests.test_word_template_catalog" name="test_catalog_http_kill_switch_and_public_projection_hide_storage_key" time="0.035" /><testcase classname="tests.test_word_template_catalog" name="test_standardizer_input_failure_does_not_block_compatibility_preflight" time="0.027" /><testcase classname="tests.test_word_template_catalog" name="test_standardization_size_fallback_preserves_near_limit_compatibility" time="0.067" /><testcase classname="tests.test_word_template_catalog" name="test_standardization_metadata_is_omitted_when_legacy_report_uses_full_cap" time="0.042" /><testcase classname="tests.test_word_template_catalog" name="test_record_preview_reuses_record_authorization_and_preserves_full_context" time="0.002" /><testcase classname="tests.test_word_template_catalog" name="test_standardized_candidate_preview_uses_read_plus_export_authority" time="0.008" /><testcase classname="tests.test_word_template_catalog" name="test_standardized_preview_reauthorizes_after_document_worker" time="0.043" /><testcase classname="tests.test_word_template_catalog" name="test_standardized_draft_idempotency_key_is_required_and_payload_bound" time="0.001" /><testcase classname="tests.test_word_template_catalog" name="test_catalog_bytes_cross_document_worker_boundary_as_internal_file" time="0.083" /><testcase classname="tests.test_word_template_catalog" name="test_cutover_resolver_preserves_order_and_projection_is_atomic" time="0.070" /><testcase classname="tests.test_word_template_catalog" name="test_catalog_create_publish_restore_and_database_immutability" time="0.406" /><testcase classname="tests.test_word_template_catalog" name="test_preflight_appends_version_pinned_report_without_inventing_requirements" time="0.316" /><testcase classname="tests.test_word_template_config_concurrency" name="test_two_processes_cannot_commit_the_same_word_config_revision" time="0.885" /><testcase classname="tests.test_word_template_config_concurrency" name="test_corrupt_word_config_is_preserved_and_blocks_mutation" time="0.040" /><testcase classname="tests.test_word_template_config_concurrency" name="test_legacy_word_config_gets_a_revision_on_first_mutation" time="0.045" /><testcase classname="tests.test_word_template_crud" name="test_upload_preserves_vietnamese_filename_without_random_suffix" time="0.001" /><testcase classname="tests.test_word_template_crud" name="test_download_header_keeps_unicode_filename_in_rfc5987_parameter" time="0.001" /><testcase classname="tests.test_word_template_crud" name="test_upload_rejects_duplicate_name_in_same_scope" time="0.043" /><testcase classname="tests.test_word_template_crud" name="test_upload_allows_same_name_in_different_scopes" time="0.033" /><testcase classname="tests.test_word_template_crud" name="test_new_upload_requires_explicit_enablement" time="0.013" /><testcase classname="tests.test_word_template_crud" name="test_template_enablement_allows_multiple_independent_choices" time="0.055" /><testcase classname="tests.test_word_template_crud" name="test_template_availability_api_persists_and_audits_the_choice" time="0.314" /><testcase classname="tests.test_word_template_crud" name="test_template_availability_api_reuses_word_config_write_permission" time="0.067" /><testcase classname="tests.test_word_template_crud" name="test_template_availability_rolls_back_when_required_audit_fails" time="0.188" /><testcase classname="tests.test_word_template_crud" name="test_replace_custom_template_preserves_name_and_active_selection" time="0.040" /><testcase classname="tests.test_word_template_crud" name="test_delete_active_custom_template_clears_active_selection" time="0.045" /><testcase classname="tests.test_word_template_crud" name="test_delete_route_decodes_percent_encoded_unicode_filename" time="0.252" /><testcase classname="tests.test_word_template_crud" name="test_rename_custom_template_preserves_active_selection" time="0.041" /><testcase classname="tests.test_word_template_crud" name="test_replace_route_audits_renamed_template" time="0.103" /><testcase classname="tests.test_word_template_crud" name="test_rename_custom_template_rejects_duplicate_name" time="0.059" /><testcase classname="tests.test_word_template_crud" name="test_rename_custom_template_supports_case_only_change" time="0.019" /><testcase classname="tests.test_word_template_crud" name="test_delete_custom_template_is_limited_to_current_scope" time="0.022" /><testcase classname="tests.test_word_template_crud" name="test_legacy_default_template_can_be_deleted" time="0.028" /><testcase classname="tests.test_word_template_crud" name="test_editing_legacy_default_moves_it_into_the_current_scope" time="0.014" /><testcase classname="tests.test_word_template_crud" name="test_edit_can_rename_and_replace_template_in_one_update" time="0.021" /><testcase classname="tests.test_word_template_crud" name="test_upload_file_is_removed_when_required_audit_fails" time="0.015" /><testcase classname="tests.test_word_template_crud" name="test_rename_and_config_are_restored_when_required_audit_fails" time="0.035" /><testcase classname="tests.test_word_template_crud" name="test_deleted_file_and_config_are_restored_when_required_audit_fails" time="0.926" /><testcase classname="tests.test_word_template_crud" name="test_invalid_replacement_returns_the_safe_document_validation_reason" time="0.002" /><testcase classname="tests.test_word_template_crud" name="test_view_template_returns_an_inline_workspace_file" time="0.018" /><testcase classname="tests.test_word_tenant_media" name="test_docx_projection_preserves_only_current_tenant_media" time="0.010" /><testcase classname="tests.test_word_tenant_media" name="test_document_ipc_copies_current_tenant_media_with_namespace" time="0.030" /><testcase classname="tests.test_word_tenant_media" name="test_replayed_worker_manifest_reuses_staged_images_without_second_copy" time="0.161" /><testcase classname="tests.test_word_tenant_media" name="test_document_ipc_rejects_foreign_tenant_media" time="0.007" /><testcase classname="tests.test_word_tenant_media" name="test_docx_renderer_embeds_tenant_scoped_media" time="0.488" /><testcase classname="tests.test_word_tenant_media" name="test_legal_word_media_is_embedded_byte_for_byte[PNG-png]" time="0.332" /><testcase classname="tests.test_word_tenant_media" name="test_legal_word_media_is_embedded_byte_for_byte[JPEG-jpg]" time="0.347" /><testcase classname="tests.test_word_tenant_media" name="test_legal_word_media_is_embedded_byte_for_byte[WEBP-webp]" time="0.534" /><testcase classname="tests.test_word_tenant_media" name="test_document_worker_rejects_malformed_managed_media_path" time="0.006" /><testcase classname="tests.test_word_tenant_media" name="test_docx_renderer_fails_clearly_when_legal_media_is_missing" time="0.404" /><testcase classname="tests.test_word_variable_labels" name="test_every_default_word_field_has_a_curated_vietnamese_label" time="0.001" /><testcase classname="tests.test_word_variable_labels" name="test_ambiguous_procurement_terms_use_their_domain_spelling" time="0.001" /><testcase classname="tests.test_word_variable_labels" name="test_frontend_word_manifest_is_synchronized" time="0.092" /><testcase classname="tests.test_word_variable_workspace_scope" name="test_new_account_bootstrap_uses_shared_word_variables_without_copying_rows" time="0.001" /><testcase classname="tests.test_word_variable_workspace_scope" name="test_switching_workspace_selects_distinct_personal_and_organization_variables" time="0.017" /><testcase classname="tests.test_word_variable_workspace_scope" name="test_default_word_variable_upgrade_compacts_legacy_default_rows" time="0.008" /><testcase classname="tests.test_word_variable_workspace_scope" name="test_organization_members_can_read_but_only_manager_can_change_word_variables" time="0.005" /><testcase classname="tests.test_word_variable_workspace_scope" name="test_email_registration_bootstraps_word_variables_before_commit" time="0.009" /><testcase classname="tests.test_workspace_asset_permissions" name="test_word_templates_are_shared_by_organization_and_isolated_from_personal_scope" time="0.054" /><testcase classname="tests.test_workspace_asset_permissions" name="test_only_active_organization_manager_can_upload_workspace_assets" time="0.001" /><testcase classname="tests.test_workspace_asset_permissions" name="test_contractor_stamp_defers_to_record_write_but_expert_images_remain_protected" time="0.001" /><testcase classname="tests.test_workspace_asset_permissions" name="test_contractor_stamp_can_be_cleared_but_expert_media_remains_protected" time="0.008" /><testcase classname="tests.test_workspace_asset_permissions" name="test_contractor_fresh_stamp_upload_and_replace_defer_to_record_permission" time="0.001" /><testcase classname="tests.test_workspace_asset_permissions" name="test_organization_employee_can_preserve_existing_media_in_updates_and_versions" time="0.008" /><testcase classname="tests.test_workspace_asset_permissions" name="test_media_access_check_accepts_postgresql_compat_rows" time="0.011" /><testcase classname="tests.test_workspace_asset_permissions" name="test_organization_employee_can_preserve_signed_media_urls_and_snake_case_fields" time="0.007" /><testcase classname="tests.test_workspace_asset_permissions" name="test_organization_employee_cannot_use_media_from_another_organization" time="0.008" /><testcase classname="tests.test_workspace_asset_permissions" name="test_organization_employee_cannot_attach_media_to_new_or_versioned_records" time="0.002" /></testsuite></testsuites>